<?xml version="1.0" encoding="UTF-8"?>
<!-- Generated by org.testng.reporters.JUnitXMLReporter -->
<testsuite hostname="DESKTOP-66A6QG1" name="Default test" tests="8" failures="0" timestamp="14 Oct 2019 08:16:47 GMT" time="155.181" errors="0">
  <testcase name="VerifyHomePageLogo" time="5.476" classname="com.crm.qa.testcases.HomePageTest"/>
  <testcase name="VerifyHomePageUserName" time="3.878" classname="com.crm.qa.testcases.HomePageTest"/>
  <testcase name="VerifyHomePageTitle" time="0.016" classname="com.crm.qa.testcases.HomePageTest"/>
  <testcase name="VerifyHomePageContents" time="6.158" classname="com.crm.qa.testcases.HomePageTest"/>
  <testcase name="VerifyLinkContactsClick" time="3.983" classname="com.crm.qa.testcases.HomePageTest"/>
  <testcase name="VerifyLinkDealsClick" time="3.8" classname="com.crm.qa.testcases.HomePageTest"/>
  <testcase name="VerifyLinkTasksClick" time="3.095" classname="com.crm.qa.testcases.HomePageTest"/>
  <testcase name="VerifyLinkFormsClick" time="1.521" classname="com.crm.qa.testcases.HomePageTest"/>
</testsuite> <!-- Default test -->
