<?xml version="1.0" encoding="UTF-8"?>
<testng-results skipped="0" failed="0" total="1" passed="1">
  <reporter-output>
  </reporter-output>
  <suite name="Default suite" duration-ms="32532" started-at="2019-10-12T05:10:20Z" finished-at="2019-10-12T05:10:52Z">
    <groups>
    </groups>
    <test name="Default test" duration-ms="32532" started-at="2019-10-12T05:10:20Z" finished-at="2019-10-12T05:10:52Z">
      <class name="com.qa.practice.HDFCBankTest">
        <test-method status="PASS" signature="setUp()[pri:0, instance:com.qa.practice.HDFCBankTest@36c88a32]" name="setUp" is-config="true" duration-ms="5596" started-at="2019-10-11T22:10:20Z" finished-at="2019-10-11T22:10:26Z">
          <reporter-output>
          </reporter-output>
        </test-method> <!-- setUp -->
        <test-method status="PASS" signature="test1()[pri:0, instance:com.qa.practice.HDFCBankTest@36c88a32]" name="test1" duration-ms="25735" started-at="2019-10-11T22:10:26Z" finished-at="2019-10-11T22:10:51Z">
          <reporter-output>
          </reporter-output>
        </test-method> <!-- test1 -->
        <test-method status="PASS" signature="tearDown()[pri:0, instance:com.qa.practice.HDFCBankTest@36c88a32]" name="tearDown" is-config="true" duration-ms="1182" started-at="2019-10-11T22:10:51Z" finished-at="2019-10-11T22:10:52Z">
          <reporter-output>
          </reporter-output>
        </test-method> <!-- tearDown -->
      </class> <!-- com.qa.practice.HDFCBankTest -->
    </test> <!-- Default test -->
  </suite> <!-- Default suite -->
</testng-results>
