<?xml version="1.0" encoding="UTF-8"?>
<testng-results skipped="0" failed="0" total="1" passed="1">
  <reporter-output>
  </reporter-output>
  <suite name="Suite" duration-ms="36664" started-at="2019-10-06T09:29:07Z" finished-at="2019-10-06T09:29:44Z">
    <groups>
    </groups>
    <test name="Test" duration-ms="36664" started-at="2019-10-06T09:29:07Z" finished-at="2019-10-06T09:29:44Z">
      <class name="com.qa.practice.HDFCBankTest">
        <test-method status="PASS" signature="setUp()[pri:0, instance:com.qa.practice.HDFCBankTest@60f82f98]" name="setUp" is-config="true" duration-ms="5860" started-at="2019-10-06T02:29:07Z" finished-at="2019-10-06T02:29:13Z">
          <reporter-output>
          </reporter-output>
        </test-method> <!-- setUp -->
        <test-method status="PASS" signature="test1()[pri:0, instance:com.qa.practice.HDFCBankTest@60f82f98]" name="test1" duration-ms="29708" started-at="2019-10-06T02:29:13Z" finished-at="2019-10-06T02:29:43Z">
          <reporter-output>
          </reporter-output>
        </test-method> <!-- test1 -->
        <test-method status="PASS" signature="tearDown()[pri:0, instance:com.qa.practice.HDFCBankTest@60f82f98]" name="tearDown" is-config="true" duration-ms="1081" started-at="2019-10-06T02:29:43Z" finished-at="2019-10-06T02:29:44Z">
          <reporter-output>
          </reporter-output>
        </test-method> <!-- tearDown -->
      </class> <!-- com.qa.practice.HDFCBankTest -->
    </test> <!-- Test -->
  </suite> <!-- Suite -->
</testng-results>
