<?xml version="1.0" encoding="UTF-8"?>
<testng-results skipped="0" failed="1" total="12" passed="11">
  <reporter-output>
  </reporter-output>
  <suite name="Suite" duration-ms="155372" started-at="2019-10-14T20:17:35Z" finished-at="2019-10-14T20:20:10Z">
    <groups>
    </groups>
    <test name="Test" duration-ms="155372" started-at="2019-10-14T20:17:35Z" finished-at="2019-10-14T20:20:10Z">
      <class name="com.crm.qa.testcases.FreeCRMTestTest">
        <test-method status="PASS" signature="setUp()[pri:0, instance:com.crm.qa.testcases.FreeCRMTestTest@8bd1b6a]" name="setUp" is-config="true" duration-ms="15280" started-at="2019-10-14T13:17:35Z" finished-at="2019-10-14T13:17:50Z">
          <reporter-output>
          </reporter-output>
        </test-method> <!-- setUp -->
        <test-method status="FAIL" signature="test1()[pri:0, instance:com.crm.qa.testcases.FreeCRMTestTest@8bd1b6a]" name="test1" duration-ms="20580" started-at="2019-10-14T13:17:50Z" finished-at="2019-10-14T13:18:11Z">
          <exception class="org.openqa.selenium.NoSuchElementException">
            <message>
              <![CDATA[no such element: Unable to locate element: {"method":"id","selector":"loginsubmit"}
  (Session info: chrome=75.0.3770.100)
  (Driver info: chromedriver=2.46.628402 (536cd7adbad73a3783fdc2cab92ab2ba7ec361e1),platform=Windows NT 10.0.17763 x86_64) (WARNING: The server did not provide any stacktrace information)
Command duration or timeout: 0 milliseconds
For documentation on this error, please visit: https://www.seleniumhq.org/exceptions/no_such_element.html
Build info: version: '3.141.59', revision: 'e82be7d358', time: '2018-11-14T08:17:03'
System info: host: 'DESKTOP-66A6QG1', ip: '192.168.99.1', os.name: 'Windows 10', os.arch: 'amd64', os.version: '10.0', java.version: '1.8.0_201'
Driver info: org.openqa.selenium.chrome.ChromeDriver
Capabilities {acceptInsecureCerts: false, acceptSslCerts: false, applicationCacheEnabled: false, browserConnectionEnabled: false, browserName: chrome, chrome: {chromedriverVersion: 2.46.628402 (536cd7adbad73a..., userDataDir: C:\Users\barha\AppData\Loca...}, cssSelectorsEnabled: true, databaseEnabled: false, goog:chromeOptions: {debuggerAddress: localhost:58413}, handlesAlerts: true, hasTouchScreen: false, javascriptEnabled: true, locationContextEnabled: true, mobileEmulationEnabled: false, nativeEvents: true, networkConnectionEnabled: false, pageLoadStrategy: normal, platform: XP, platformName: XP, proxy: Proxy(), rotatable: false, setWindowRect: true, strictFileInteractability: false, takesHeapSnapshot: true, takesScreenshot: true, timeouts: {implicit: 0, pageLoad: 300000, script: 30000}, unexpectedAlertBehaviour: ignore, unhandledPromptBehavior: ignore, version: 75.0.3770.100, webStorageEnabled: true}
Session ID: 2bda51bf9161a603e8db2589d25d2733
*** Element info: {Using=id, value=loginsubmit}]]>
            </message>
            <full-stacktrace>
              <![CDATA[org.openqa.selenium.NoSuchElementException: no such element: Unable to locate element: {"method":"id","selector":"loginsubmit"}
  (Session info: chrome=75.0.3770.100)
  (Driver info: chromedriver=2.46.628402 (536cd7adbad73a3783fdc2cab92ab2ba7ec361e1),platform=Windows NT 10.0.17763 x86_64) (WARNING: The server did not provide any stacktrace information)
Command duration or timeout: 0 milliseconds
For documentation on this error, please visit: https://www.seleniumhq.org/exceptions/no_such_element.html
Build info: version: '3.141.59', revision: 'e82be7d358', time: '2018-11-14T08:17:03'
System info: host: 'DESKTOP-66A6QG1', ip: '192.168.99.1', os.name: 'Windows 10', os.arch: 'amd64', os.version: '10.0', java.version: '1.8.0_201'
Driver info: org.openqa.selenium.chrome.ChromeDriver
Capabilities {acceptInsecureCerts: false, acceptSslCerts: false, applicationCacheEnabled: false, browserConnectionEnabled: false, browserName: chrome, chrome: {chromedriverVersion: 2.46.628402 (536cd7adbad73a..., userDataDir: C:\Users\barha\AppData\Loca...}, cssSelectorsEnabled: true, databaseEnabled: false, goog:chromeOptions: {debuggerAddress: localhost:58413}, handlesAlerts: true, hasTouchScreen: false, javascriptEnabled: true, locationContextEnabled: true, mobileEmulationEnabled: false, nativeEvents: true, networkConnectionEnabled: false, pageLoadStrategy: normal, platform: XP, platformName: XP, proxy: Proxy(), rotatable: false, setWindowRect: true, strictFileInteractability: false, takesHeapSnapshot: true, takesScreenshot: true, timeouts: {implicit: 0, pageLoad: 300000, script: 30000}, unexpectedAlertBehaviour: ignore, unhandledPromptBehavior: ignore, version: 75.0.3770.100, webStorageEnabled: true}
Session ID: 2bda51bf9161a603e8db2589d25d2733
*** Element info: {Using=id, value=loginsubmit}
	at sun.reflect.NativeConstructorAccessorImpl.newInstance0(Native Method)
	at sun.reflect.NativeConstructorAccessorImpl.newInstance(NativeConstructorAccessorImpl.java:62)
	at sun.reflect.DelegatingConstructorAccessorImpl.newInstance(DelegatingConstructorAccessorImpl.java:45)
	at java.lang.reflect.Constructor.newInstance(Constructor.java:423)
	at org.openqa.selenium.remote.ErrorHandler.createThrowable(ErrorHandler.java:214)
	at org.openqa.selenium.remote.ErrorHandler.throwIfResponseFailed(ErrorHandler.java:166)
	at org.openqa.selenium.remote.http.JsonHttpResponseCodec.reconstructValue(JsonHttpResponseCodec.java:40)
	at org.openqa.selenium.remote.http.AbstractHttpResponseCodec.decode(AbstractHttpResponseCodec.java:80)
	at org.openqa.selenium.remote.http.AbstractHttpResponseCodec.decode(AbstractHttpResponseCodec.java:44)
	at org.openqa.selenium.remote.HttpCommandExecutor.execute(HttpCommandExecutor.java:158)
	at org.openqa.selenium.remote.service.DriverCommandExecutor.execute(DriverCommandExecutor.java:83)
	at org.openqa.selenium.remote.RemoteWebDriver.execute(RemoteWebDriver.java:552)
	at org.openqa.selenium.remote.RemoteWebDriver.findElement(RemoteWebDriver.java:323)
	at org.openqa.selenium.remote.RemoteWebDriver.findElementById(RemoteWebDriver.java:372)
	at org.openqa.selenium.By$ById.findElement(By.java:188)
	at org.openqa.selenium.remote.RemoteWebDriver.findElement(RemoteWebDriver.java:315)
	at com.crm.qa.testcases.FreeCRMTestTest.test1(FreeCRMTestTest.java:69)
	at sun.reflect.NativeMethodAccessorImpl.invoke0(Native Method)
	at sun.reflect.NativeMethodAccessorImpl.invoke(NativeMethodAccessorImpl.java:62)
	at sun.reflect.DelegatingMethodAccessorImpl.invoke(DelegatingMethodAccessorImpl.java:43)
	at java.lang.reflect.Method.invoke(Method.java:498)
	at org.testng.internal.MethodInvocationHelper.invokeMethod(MethodInvocationHelper.java:85)
	at org.testng.internal.Invoker.invokeMethod(Invoker.java:639)
	at org.testng.internal.Invoker.invokeTestMethod(Invoker.java:816)
	at org.testng.internal.Invoker.invokeTestMethods(Invoker.java:1124)
	at org.testng.internal.TestMethodWorker.invokeTestMethods(TestMethodWorker.java:125)
	at org.testng.internal.TestMethodWorker.run(TestMethodWorker.java:108)
	at org.testng.TestRunner.privateRun(TestRunner.java:774)
	at org.testng.TestRunner.run(TestRunner.java:624)
	at org.testng.SuiteRunner.runTest(SuiteRunner.java:359)
	at org.testng.SuiteRunner.runSequentially(SuiteRunner.java:354)
	at org.testng.SuiteRunner.privateRun(SuiteRunner.java:312)
	at org.testng.SuiteRunner.run(SuiteRunner.java:261)
	at org.testng.SuiteRunnerWorker.runSuite(SuiteRunnerWorker.java:52)
	at org.testng.SuiteRunnerWorker.run(SuiteRunnerWorker.java:86)
	at org.testng.TestNG.runSuitesSequentially(TestNG.java:1215)
	at org.testng.TestNG.runSuitesLocally(TestNG.java:1140)
	at org.testng.TestNG.run(TestNG.java:1048)
	at org.testng.remote.AbstractRemoteTestNG.run(AbstractRemoteTestNG.java:115)
	at org.testng.remote.RemoteTestNG.initAndRun(RemoteTestNG.java:251)
	at org.testng.remote.RemoteTestNG.main(RemoteTestNG.java:77)
]]>
            </full-stacktrace>
          </exception> <!-- org.openqa.selenium.NoSuchElementException -->
          <reporter-output>
          </reporter-output>
        </test-method> <!-- test1 -->
        <test-method status="PASS" signature="tearDown()[pri:0, instance:com.crm.qa.testcases.FreeCRMTestTest@8bd1b6a]" name="tearDown" is-config="true" duration-ms="2072" started-at="2019-10-14T13:18:11Z" finished-at="2019-10-14T13:18:13Z">
          <reporter-output>
          </reporter-output>
        </test-method> <!-- tearDown -->
      </class> <!-- com.crm.qa.testcases.FreeCRMTestTest -->
      <class name="com.crm.qa.testcases.HomePageTest">
        <test-method status="PASS" signature="setUP()[pri:0, instance:com.crm.qa.testcases.HomePageTest@cb5822]" name="setUP" is-config="true" duration-ms="8999" started-at="2019-10-14T13:18:44Z" finished-at="2019-10-14T13:18:53Z">
          <reporter-output>
          </reporter-output>
        </test-method> <!-- setUP -->
        <test-method status="PASS" signature="VerifyHomePageLogo()[pri:1, instance:com.crm.qa.testcases.HomePageTest@cb5822]" name="VerifyHomePageLogo" duration-ms="2381" started-at="2019-10-14T13:18:53Z" finished-at="2019-10-14T13:18:55Z">
          <reporter-output>
          </reporter-output>
        </test-method> <!-- VerifyHomePageLogo -->
        <test-method status="PASS" signature="tearDown()[pri:0, instance:com.crm.qa.testcases.HomePageTest@cb5822]" name="tearDown" is-config="true" duration-ms="1054" started-at="2019-10-14T13:18:55Z" finished-at="2019-10-14T13:18:57Z">
          <reporter-output>
          </reporter-output>
        </test-method> <!-- tearDown -->
        <test-method status="PASS" signature="setUP()[pri:0, instance:com.crm.qa.testcases.HomePageTest@cb5822]" name="setUP" is-config="true" duration-ms="7957" started-at="2019-10-14T13:18:57Z" finished-at="2019-10-14T13:19:04Z">
          <reporter-output>
          </reporter-output>
        </test-method> <!-- setUP -->
        <test-method status="PASS" signature="VerifyHomePageUserName()[pri:1, instance:com.crm.qa.testcases.HomePageTest@cb5822]" name="VerifyHomePageUserName" duration-ms="1696" started-at="2019-10-14T13:19:04Z" finished-at="2019-10-14T13:19:06Z">
          <reporter-output>
          </reporter-output>
        </test-method> <!-- VerifyHomePageUserName -->
        <test-method status="PASS" signature="tearDown()[pri:0, instance:com.crm.qa.testcases.HomePageTest@cb5822]" name="tearDown" is-config="true" duration-ms="1130" started-at="2019-10-14T13:19:06Z" finished-at="2019-10-14T13:19:07Z">
          <reporter-output>
          </reporter-output>
        </test-method> <!-- tearDown -->
        <test-method status="PASS" signature="setUP()[pri:0, instance:com.crm.qa.testcases.HomePageTest@cb5822]" name="setUP" is-config="true" duration-ms="8092" started-at="2019-10-14T13:19:07Z" finished-at="2019-10-14T13:19:15Z">
          <reporter-output>
          </reporter-output>
        </test-method> <!-- setUP -->
        <test-method status="PASS" signature="VerifyHomePageTitle()[pri:3, instance:com.crm.qa.testcases.HomePageTest@cb5822]" name="VerifyHomePageTitle" duration-ms="15" started-at="2019-10-14T13:19:15Z" finished-at="2019-10-14T13:19:15Z">
          <reporter-output>
          </reporter-output>
        </test-method> <!-- VerifyHomePageTitle -->
        <test-method status="PASS" signature="tearDown()[pri:0, instance:com.crm.qa.testcases.HomePageTest@cb5822]" name="tearDown" is-config="true" duration-ms="1020" started-at="2019-10-14T13:19:15Z" finished-at="2019-10-14T13:19:16Z">
          <reporter-output>
          </reporter-output>
        </test-method> <!-- tearDown -->
        <test-method status="PASS" signature="setUP()[pri:0, instance:com.crm.qa.testcases.HomePageTest@cb5822]" name="setUP" is-config="true" duration-ms="7022" started-at="2019-10-14T13:19:16Z" finished-at="2019-10-14T13:19:23Z">
          <reporter-output>
          </reporter-output>
        </test-method> <!-- setUP -->
        <test-method status="PASS" signature="VerifyHomePageContents()[pri:4, instance:com.crm.qa.testcases.HomePageTest@cb5822]" name="VerifyHomePageContents" duration-ms="1307" started-at="2019-10-14T13:19:23Z" finished-at="2019-10-14T13:19:25Z">
          <reporter-output>
          </reporter-output>
        </test-method> <!-- VerifyHomePageContents -->
        <test-method status="PASS" signature="tearDown()[pri:0, instance:com.crm.qa.testcases.HomePageTest@cb5822]" name="tearDown" is-config="true" duration-ms="1191" started-at="2019-10-14T13:19:25Z" finished-at="2019-10-14T13:19:26Z">
          <reporter-output>
          </reporter-output>
        </test-method> <!-- tearDown -->
        <test-method status="PASS" signature="setUP()[pri:0, instance:com.crm.qa.testcases.HomePageTest@cb5822]" name="setUP" is-config="true" duration-ms="8033" started-at="2019-10-14T13:19:26Z" finished-at="2019-10-14T13:19:34Z">
          <reporter-output>
          </reporter-output>
        </test-method> <!-- setUP -->
        <test-method status="PASS" signature="VerifyLinkContactsClick()[pri:5, instance:com.crm.qa.testcases.HomePageTest@cb5822]" name="VerifyLinkContactsClick" duration-ms="2049" started-at="2019-10-14T13:19:34Z" finished-at="2019-10-14T13:19:36Z">
          <reporter-output>
          </reporter-output>
        </test-method> <!-- VerifyLinkContactsClick -->
        <test-method status="PASS" signature="tearDown()[pri:0, instance:com.crm.qa.testcases.HomePageTest@cb5822]" name="tearDown" is-config="true" duration-ms="1556" started-at="2019-10-14T13:19:36Z" finished-at="2019-10-14T13:19:38Z">
          <reporter-output>
          </reporter-output>
        </test-method> <!-- tearDown -->
        <test-method status="PASS" signature="setUP()[pri:0, instance:com.crm.qa.testcases.HomePageTest@cb5822]" name="setUP" is-config="true" duration-ms="7990" started-at="2019-10-14T13:19:38Z" finished-at="2019-10-14T13:19:46Z">
          <reporter-output>
          </reporter-output>
        </test-method> <!-- setUP -->
        <test-method status="PASS" signature="VerifyLinkFormsClick()[pri:6, instance:com.crm.qa.testcases.HomePageTest@cb5822]" name="VerifyLinkFormsClick" duration-ms="1732" started-at="2019-10-14T13:19:46Z" finished-at="2019-10-14T13:19:47Z">
          <reporter-output>
          </reporter-output>
        </test-method> <!-- VerifyLinkFormsClick -->
        <test-method status="PASS" signature="tearDown()[pri:0, instance:com.crm.qa.testcases.HomePageTest@cb5822]" name="tearDown" is-config="true" duration-ms="1469" started-at="2019-10-14T13:19:47Z" finished-at="2019-10-14T13:19:49Z">
          <reporter-output>
          </reporter-output>
        </test-method> <!-- tearDown -->
        <test-method status="PASS" signature="setUP()[pri:0, instance:com.crm.qa.testcases.HomePageTest@cb5822]" name="setUP" is-config="true" duration-ms="9043" started-at="2019-10-14T13:19:49Z" finished-at="2019-10-14T13:19:58Z">
          <reporter-output>
          </reporter-output>
        </test-method> <!-- setUP -->
        <test-method status="PASS" signature="VerifyLinkDealsClick()[pri:7, instance:com.crm.qa.testcases.HomePageTest@cb5822]" name="VerifyLinkDealsClick" duration-ms="1709" started-at="2019-10-14T13:19:58Z" finished-at="2019-10-14T13:20:00Z">
          <reporter-output>
          </reporter-output>
        </test-method> <!-- VerifyLinkDealsClick -->
        <test-method status="PASS" signature="tearDown()[pri:0, instance:com.crm.qa.testcases.HomePageTest@cb5822]" name="tearDown" is-config="true" duration-ms="1205" started-at="2019-10-14T13:20:00Z" finished-at="2019-10-14T13:20:01Z">
          <reporter-output>
          </reporter-output>
        </test-method> <!-- tearDown -->
        <test-method status="PASS" signature="setUP()[pri:0, instance:com.crm.qa.testcases.HomePageTest@cb5822]" name="setUP" is-config="true" duration-ms="6916" started-at="2019-10-14T13:20:01Z" finished-at="2019-10-14T13:20:08Z">
          <reporter-output>
          </reporter-output>
        </test-method> <!-- setUP -->
        <test-method status="PASS" signature="VerifyLinkTasksClick()[pri:8, instance:com.crm.qa.testcases.HomePageTest@cb5822]" name="VerifyLinkTasksClick" duration-ms="1690" started-at="2019-10-14T13:20:08Z" finished-at="2019-10-14T13:20:09Z">
          <reporter-output>
          </reporter-output>
        </test-method> <!-- VerifyLinkTasksClick -->
        <test-method status="PASS" signature="tearDown()[pri:0, instance:com.crm.qa.testcases.HomePageTest@cb5822]" name="tearDown" is-config="true" duration-ms="998" started-at="2019-10-14T13:20:09Z" finished-at="2019-10-14T13:20:10Z">
          <reporter-output>
          </reporter-output>
        </test-method> <!-- tearDown -->
      </class> <!-- com.crm.qa.testcases.HomePageTest -->
      <class name="com.crm.qa.testcases.LoginPageTest">
        <test-method status="PASS" signature="setUp()[pri:0, instance:com.crm.qa.testcases.LoginPageTest@18be83e4]" name="setUp" is-config="true" duration-ms="9740" started-at="2019-10-14T13:18:13Z" finished-at="2019-10-14T13:18:23Z">
          <reporter-output>
          </reporter-output>
        </test-method> <!-- setUp -->
        <test-method status="PASS" signature="loginPageTitleTest()[pri:1, instance:com.crm.qa.testcases.LoginPageTest@18be83e4]" name="loginPageTitleTest" duration-ms="115" started-at="2019-10-14T13:18:23Z" finished-at="2019-10-14T13:18:23Z">
          <reporter-output>
          </reporter-output>
        </test-method> <!-- loginPageTitleTest -->
        <test-method status="PASS" signature="tearDown()[pri:0, instance:com.crm.qa.testcases.LoginPageTest@18be83e4]" name="tearDown" is-config="true" duration-ms="1533" started-at="2019-10-14T13:18:23Z" finished-at="2019-10-14T13:18:24Z">
          <reporter-output>
          </reporter-output>
        </test-method> <!-- tearDown -->
        <test-method status="PASS" signature="setUp()[pri:0, instance:com.crm.qa.testcases.LoginPageTest@18be83e4]" name="setUp" is-config="true" duration-ms="8219" started-at="2019-10-14T13:18:24Z" finished-at="2019-10-14T13:18:33Z">
          <reporter-output>
          </reporter-output>
        </test-method> <!-- setUp -->
        <test-method status="PASS" signature="crmLogoImageTest()[pri:2, instance:com.crm.qa.testcases.LoginPageTest@18be83e4]" name="crmLogoImageTest" duration-ms="36" started-at="2019-10-14T13:18:33Z" finished-at="2019-10-14T13:18:33Z">
          <reporter-output>
          </reporter-output>
        </test-method> <!-- crmLogoImageTest -->
        <test-method status="PASS" signature="tearDown()[pri:0, instance:com.crm.qa.testcases.LoginPageTest@18be83e4]" name="tearDown" is-config="true" duration-ms="986" started-at="2019-10-14T13:18:33Z" finished-at="2019-10-14T13:18:34Z">
          <reporter-output>
          </reporter-output>
        </test-method> <!-- tearDown -->
        <test-method status="PASS" signature="setUp()[pri:0, instance:com.crm.qa.testcases.LoginPageTest@18be83e4]" name="setUp" is-config="true" duration-ms="8429" started-at="2019-10-14T13:18:34Z" finished-at="2019-10-14T13:18:42Z">
          <reporter-output>
          </reporter-output>
        </test-method> <!-- setUp -->
        <test-method status="PASS" signature="verifyFreeCrmLogin()[pri:3, instance:com.crm.qa.testcases.LoginPageTest@18be83e4]" name="verifyFreeCrmLogin" duration-ms="609" started-at="2019-10-14T13:18:42Z" finished-at="2019-10-14T13:18:43Z">
          <reporter-output>
          </reporter-output>
        </test-method> <!-- verifyFreeCrmLogin -->
        <test-method status="PASS" signature="tearDown()[pri:0, instance:com.crm.qa.testcases.LoginPageTest@18be83e4]" name="tearDown" is-config="true" duration-ms="1466" started-at="2019-10-14T13:18:43Z" finished-at="2019-10-14T13:18:44Z">
          <reporter-output>
          </reporter-output>
        </test-method> <!-- tearDown -->
      </class> <!-- com.crm.qa.testcases.LoginPageTest -->
    </test> <!-- Test -->
  </suite> <!-- Suite -->
</testng-results>
